[INFO ] 2024-04-01 21:57:24.790 [main] LaunchBrowser - Chrome Browser launch successfully
[INFO ] 2024-04-01 21:57:29.093 [main] LaunchBrowser - Browser launch successfully
[INFO ] 2024-04-01 21:57:30.176 [main] LaunchBrowser - Screenshot taken successfully
[INFO ] 2024-04-01 21:57:34.593 [main] LaunchBrowser - registration form refreshed
[INFO ] 2024-04-01 21:57:34.882 [main] LaunchBrowser - Screenshot taken successfully
[INFO ] 2024-04-01 21:57:34.884 [main] LaunchBrowser - registration form success
[INFO ] 2024-04-02 21:12:56.848 [main] LaunchBrowser - Chrome Browser launch successfully
[INFO ] 2024-04-02 21:13:22.193 [main] LaunchBrowser - Browser launch successfully
[DEBUG] 2024-04-02 21:13:22.430 [main] PackageRelationshipCollection - Parsing relationship: /xl/_rels/workbook.xml.rels
[DEBUG] 2024-04-02 21:13:22.435 [main] PackageRelationshipCollection - Parsing relationship: /xl/worksheets/_rels/sheet1.xml.rels
[DEBUG] 2024-04-02 21:13:22.438 [main] PackageRelationshipCollection - Parsing relationship: /_rels/.rels
[DEBUG] 2024-04-02 21:13:23.134 [main] POIXMLFactory - using default POIXMLDocumentPart for http://schemas.openxmlformats.org/officeDocument/2006/relationships/printerSettings
[INFO ] 2024-04-02 21:13:24.404 [main] LaunchBrowser - Screenshot taken successfully
[INFO ] 2024-04-02 21:13:29.806 [main] LaunchBrowser - registration form refreshed
[INFO ] 2024-04-02 21:13:30.119 [main] LaunchBrowser - Screenshot taken successfully
[INFO ] 2024-04-02 21:13:30.120 [main] LaunchBrowser - registration form success
[INFO ] 2024-04-02 21:13:30.968 [main] LaunchBrowser - Screenshot taken successfully
[INFO ] 2024-04-02 21:13:35.329 [main] LaunchBrowser - registration form refreshed
[INFO ] 2024-04-02 21:13:35.587 [main] LaunchBrowser - Screenshot taken successfully
[INFO ] 2024-04-02 21:13:35.587 [main] LaunchBrowser - registration form success
[INFO ] 2024-04-02 21:13:36.571 [main] LaunchBrowser - Screenshot taken successfully
[INFO ] 2024-04-02 21:13:40.644 [main] LaunchBrowser - registration form refreshed
[INFO ] 2024-04-02 21:13:40.896 [main] LaunchBrowser - Screenshot taken successfully
[INFO ] 2024-04-02 21:13:40.896 [main] LaunchBrowser - registration form success
[INFO ] 2024-04-02 21:19:05.489 [main] LaunchBrowser - Chrome Browser launch successfully
[INFO ] 2024-04-02 21:20:20.986 [main] LaunchBrowser - Chrome Browser launch successfully
[INFO ] 2024-04-02 21:20:25.413 [main] LaunchBrowser - Browser launch successfully
[DEBUG] 2024-04-02 21:20:25.581 [main] PackageRelationshipCollection - Parsing relationship: /xl/_rels/workbook.xml.rels
[DEBUG] 2024-04-02 21:20:25.587 [main] PackageRelationshipCollection - Parsing relationship: /xl/worksheets/_rels/sheet1.xml.rels
[DEBUG] 2024-04-02 21:20:25.589 [main] PackageRelationshipCollection - Parsing relationship: /_rels/.rels
[DEBUG] 2024-04-02 21:20:26.223 [main] POIXMLFactory - using default POIXMLDocumentPart for http://schemas.openxmlformats.org/officeDocument/2006/relationships/printerSettings
[INFO ] 2024-04-02 21:20:28.353 [main] LaunchBrowser - Screenshot taken successfully
[INFO ] 2024-04-02 21:20:34.276 [main] LaunchBrowser - registration form refreshed
[INFO ] 2024-04-02 21:20:34.678 [main] LaunchBrowser - Screenshot taken successfully
[INFO ] 2024-04-02 21:20:34.679 [main] LaunchBrowser - registration form success
[INFO ] 2024-04-02 21:20:36.471 [main] LaunchBrowser - Screenshot taken successfully
[INFO ] 2024-04-02 21:20:43.058 [main] LaunchBrowser - registration form refreshed
[INFO ] 2024-04-02 21:20:43.358 [main] LaunchBrowser - Screenshot taken successfully
[INFO ] 2024-04-02 21:20:43.359 [main] LaunchBrowser - registration form success
[INFO ] 2024-04-02 21:20:44.221 [main] LaunchBrowser - Screenshot taken successfully
[INFO ] 2024-04-02 21:20:49.736 [main] LaunchBrowser - registration form refreshed
[INFO ] 2024-04-02 21:20:50.007 [main] LaunchBrowser - Screenshot taken successfully
[INFO ] 2024-04-02 21:20:50.007 [main] LaunchBrowser - registration form success
[INFO ] 2024-04-02 21:30:14.323 [main] LaunchBrowser - Chrome Browser launch successfully
[INFO ] 2024-04-02 21:30:15.982 [main] LaunchBrowser - Browser launch successfully
[DEBUG] 2024-04-02 21:30:16.122 [main] PackageRelationshipCollection - Parsing relationship: /xl/_rels/workbook.xml.rels
[DEBUG] 2024-04-02 21:30:16.125 [main] PackageRelationshipCollection - Parsing relationship: /xl/worksheets/_rels/sheet1.xml.rels
[DEBUG] 2024-04-02 21:30:16.126 [main] PackageRelationshipCollection - Parsing relationship: /_rels/.rels
[DEBUG] 2024-04-02 21:30:16.427 [main] POIXMLFactory - using default POIXMLDocumentPart for http://schemas.openxmlformats.org/officeDocument/2006/relationships/printerSettings
[INFO ] 2024-04-02 21:31:25.463 [main] LaunchBrowser - Chrome Browser launch successfully
[INFO ] 2024-04-02 21:31:26.404 [main] LaunchBrowser - Browser launch successfully
[DEBUG] 2024-04-02 21:31:26.747 [main] PackageRelationshipCollection - Parsing relationship: /xl/_rels/workbook.xml.rels
[DEBUG] 2024-04-02 21:31:26.753 [main] PackageRelationshipCollection - Parsing relationship: /xl/worksheets/_rels/sheet1.xml.rels
[DEBUG] 2024-04-02 21:31:26.757 [main] PackageRelationshipCollection - Parsing relationship: /_rels/.rels
[DEBUG] 2024-04-02 21:31:27.542 [main] POIXMLFactory - using default POIXMLDocumentPart for http://schemas.openxmlformats.org/officeDocument/2006/relationships/printerSettings
[INFO ] 2024-04-02 21:31:34.364 [main] LaunchBrowser - Screenshot taken successfully
[INFO ] 2024-04-02 21:31:39.762 [main] LaunchBrowser - registration form refreshed
[INFO ] 2024-04-02 21:31:40.086 [main] LaunchBrowser - Screenshot taken successfully
[INFO ] 2024-04-02 21:31:40.086 [main] LaunchBrowser - registration form success
[INFO ] 2024-04-02 21:45:48.098 [main] LaunchBrowser - Chrome Browser launch successfully
[INFO ] 2024-04-02 21:45:49.594 [main] LaunchBrowser - Browser launch successfully
[INFO ] 2024-04-02 21:45:55.365 [main] LaunchBrowser - get the windows url
[INFO ] 2024-04-02 21:45:55.623 [main] LaunchBrowser - Screenshot taken successfully
[INFO ] 2024-04-02 21:45:55.623 [main] LaunchBrowser - Windows screendisplay
[INFO ] 2024-04-02 21:46:37.752 [main] LaunchBrowser - Chrome Browser launch successfully
[INFO ] 2024-04-02 21:46:39.449 [main] LaunchBrowser - Browser launch successfully
[INFO ] 2024-04-02 21:46:44.722 [main] LaunchBrowser - Screenshot taken successfully
[INFO ] 2024-04-02 21:46:44.723 [main] LaunchBrowser - Windows screendisplay
[INFO ] 2024-04-02 21:56:11.861 [main] LaunchBrowser - Chrome Browser launch successfully
[INFO ] 2024-04-02 21:56:12.965 [main] LaunchBrowser - Browser launch successfully
[INFO ] 2024-04-02 21:56:19.541 [main] LaunchBrowser - Screenshot taken successfully
[INFO ] 2024-04-02 21:56:19.542 [main] LaunchBrowser - Windows screendisplay
[INFO ] 2024-04-02 21:58:31.427 [main] LaunchBrowser - Chrome Browser launch successfully
[INFO ] 2024-04-02 21:58:32.291 [main] LaunchBrowser - Browser launch successfully
[INFO ] 2024-04-02 21:58:37.769 [main] LaunchBrowser - Screenshot taken successfully
[INFO ] 2024-04-02 21:58:37.769 [main] LaunchBrowser - Windows screendisplay
[INFO ] 2024-04-02 21:58:40.064 [main] LaunchBrowser - Screenshot taken successfully
[INFO ] 2024-04-02 21:58:40.711 [main] LaunchBrowser - childWindows screendisplay
[INFO ] 2024-04-02 22:02:56.264 [main] LaunchBrowser - Chrome Browser launch successfully
[INFO ] 2024-04-02 22:02:57.152 [main] LaunchBrowser - Browser launch successfully
[INFO ] 2024-04-02 22:03:03.060 [main] LaunchBrowser - Screenshot taken successfully
[INFO ] 2024-04-02 22:03:03.062 [main] LaunchBrowser - Windows screendisplay
[INFO ] 2024-04-02 22:03:05.397 [main] LaunchBrowser - Screenshot taken successfully
[INFO ] 2024-04-02 22:03:06.084 [main] LaunchBrowser - childWindows screendisplay
[INFO ] 2024-04-03 21:17:41.338 [main] LaunchBrowser - Chrome Browser launch successfully
[INFO ] 2024-04-03 21:17:41.624 [main] LaunchBrowser - Browser launch successfully
[INFO ] 2024-04-03 21:17:47.252 [main] LaunchBrowser - Screenshot taken successfully
[INFO ] 2024-04-03 21:17:47.254 [main] LaunchBrowser - Windows screendisplay
[INFO ] 2024-04-03 21:17:49.113 [main] LaunchBrowser - Screenshot taken successfully
[INFO ] 2024-04-03 21:17:49.744 [main] LaunchBrowser - childWindows screendisplay
[INFO ] 2024-04-03 21:17:51.347 [main] LaunchBrowser - Chrome Browser launch successfully
[INFO ] 2024-04-03 21:17:52.535 [main] LaunchBrowser - Browser launch successfully
[INFO ] 2024-04-03 21:18:01.292 [main] LaunchBrowser - Screenshot taken successfully
[INFO ] 2024-04-03 21:18:01.292 [main] LaunchBrowser - Windows screendisplay
[INFO ] 2024-04-03 21:18:04.879 [main] LaunchBrowser - separate window screendisplay
[INFO ] 2024-04-03 21:19:51.281 [main] LaunchBrowser - Chrome Browser launch successfully
[INFO ] 2024-04-03 21:19:52.038 [main] LaunchBrowser - Browser launch successfully
[INFO ] 2024-04-03 21:19:57.499 [main] LaunchBrowser - Screenshot taken successfully
[INFO ] 2024-04-03 21:19:57.499 [main] LaunchBrowser - Windows screendisplay
[INFO ] 2024-04-03 21:19:59.009 [main] LaunchBrowser - Screenshot taken successfully
[INFO ] 2024-04-03 21:19:59.452 [main] LaunchBrowser - childWindows screendisplay
[INFO ] 2024-04-03 21:20:00.496 [main] LaunchBrowser - Chrome Browser launch successfully
[INFO ] 2024-04-03 21:20:01.656 [main] LaunchBrowser - Browser launch successfully
[INFO ] 2024-04-03 21:20:07.624 [main] LaunchBrowser - Screenshot taken successfully
[INFO ] 2024-04-03 21:20:07.624 [main] LaunchBrowser - Windows screendisplay
[INFO ] 2024-04-03 21:20:09.819 [main] LaunchBrowser - Screenshot taken successfully
[INFO ] 2024-04-03 21:20:10.229 [main] LaunchBrowser - separate window screendisplay
